{
  "/Users/loganvincent/turing/mod-4/projects/pew-fe/src/Components/Player.js": {
    "path": "/Users/loganvincent/turing/mod-4/projects/pew-fe/src/Components/Player.js",
    "statementMap": {
      "0": {
        "start": {
          "line": 5,
          "column": 15
        },
        "end": {
          "line": 9,
          "column": 1
        }
      },
      "1": {
        "start": {
          "line": 6,
          "column": 2
        },
        "end": {
          "line": 8,
          "column": 3
        }
      }
    },
    "fnMap": {
      "0": {
        "name": "(anonymous_0)",
        "decl": {
          "start": {
            "line": 5,
            "column": 15
          },
          "end": {
            "line": 5,
            "column": 16
          }
        },
        "loc": {
          "start": {
            "line": 5,
            "column": 21
          },
          "end": {
            "line": 9,
            "column": 1
          }
        },
        "line": 5
      }
    },
    "branchMap": {},
    "s": {
      "0": 7,
      "1": 7
    },
    "f": {
      "0": 7
    },
    "b": {},
    "_coverageSchema": "1a1c01bbd47fc00a2c39e90264f33305004495a9",
    "hash": "59ad422c22ce65235e750d1b0cb6a65da7c32adf"
  },
  "/Users/loganvincent/turing/mod-4/projects/pew-fe/src/Components/Tile.js": {
    "path": "/Users/loganvincent/turing/mod-4/projects/pew-fe/src/Components/Tile.js",
    "statementMap": {
      "0": {
        "start": {
          "line": 6,
          "column": 13
        },
        "end": {
          "line": 35,
          "column": 1
        }
      },
      "1": {
        "start": {
          "line": 7,
          "column": 21
        },
        "end": {
          "line": 7,
          "column": 59
        }
      },
      "2": {
        "start": {
          "line": 7,
          "column": 42
        },
        "end": {
          "line": 7,
          "column": 58
        }
      },
      "3": {
        "start": {
          "line": 8,
          "column": 34
        },
        "end": {
          "line": 8,
          "column": 48
        }
      },
      "4": {
        "start": {
          "line": 9,
          "column": 15
        },
        "end": {
          "line": 9,
          "column": 47
        }
      },
      "5": {
        "start": {
          "line": 15,
          "column": 2
        },
        "end": {
          "line": 31,
          "column": 14
        }
      },
      "6": {
        "start": {
          "line": 16,
          "column": 20
        },
        "end": {
          "line": 16,
          "column": 25
        }
      },
      "7": {
        "start": {
          "line": 18,
          "column": 4
        },
        "end": {
          "line": 27,
          "column": 5
        }
      },
      "8": {
        "start": {
          "line": 19,
          "column": 6
        },
        "end": {
          "line": 19,
          "column": 44
        }
      },
      "9": {
        "start": {
          "line": 20,
          "column": 6
        },
        "end": {
          "line": 20,
          "column": 38
        }
      },
      "10": {
        "start": {
          "line": 21,
          "column": 6
        },
        "end": {
          "line": 21,
          "column": 29
        }
      },
      "11": {
        "start": {
          "line": 23,
          "column": 11
        },
        "end": {
          "line": 27,
          "column": 5
        }
      },
      "12": {
        "start": {
          "line": 24,
          "column": 6
        },
        "end": {
          "line": 24,
          "column": 23
        }
      },
      "13": {
        "start": {
          "line": 25,
          "column": 6
        },
        "end": {
          "line": 25,
          "column": 36
        }
      },
      "14": {
        "start": {
          "line": 26,
          "column": 6
        },
        "end": {
          "line": 26,
          "column": 29
        }
      },
      "15": {
        "start": {
          "line": 29,
          "column": 4
        },
        "end": {
          "line": 29,
          "column": 20
        }
      },
      "16": {
        "start": {
          "line": 32,
          "column": 2
        },
        "end": {
          "line": 34,
          "column": 3
        }
      }
    },
    "fnMap": {
      "0": {
        "name": "(anonymous_0)",
        "decl": {
          "start": {
            "line": 6,
            "column": 13
          },
          "end": {
            "line": 6,
            "column": 14
          }
        },
        "loc": {
          "start": {
            "line": 6,
            "column": 35
          },
          "end": {
            "line": 35,
            "column": 1
          }
        },
        "line": 6
      },
      "1": {
        "name": "(anonymous_1)",
        "decl": {
          "start": {
            "line": 7,
            "column": 33
          },
          "end": {
            "line": 7,
            "column": 34
          }
        },
        "loc": {
          "start": {
            "line": 7,
            "column": 42
          },
          "end": {
            "line": 7,
            "column": 58
          }
        },
        "line": 7
      },
      "2": {
        "name": "(anonymous_2)",
        "decl": {
          "start": {
            "line": 15,
            "column": 12
          },
          "end": {
            "line": 15,
            "column": 13
          }
        },
        "loc": {
          "start": {
            "line": 15,
            "column": 18
          },
          "end": {
            "line": 31,
            "column": 3
          }
        },
        "line": 15
      }
    },
    "branchMap": {
      "0": {
        "loc": {
          "start": {
            "line": 9,
            "column": 15
          },
          "end": {
            "line": 9,
            "column": 47
          }
        },
        "type": "cond-expr",
        "locations": [
          {
            "start": {
              "line": 9,
              "column": 35
            },
            "end": {
              "line": 9,
              "column": 40
            }
          },
          {
            "start": {
              "line": 9,
              "column": 43
            },
            "end": {
              "line": 9,
              "column": 47
            }
          }
        ],
        "line": 9
      },
      "1": {
        "loc": {
          "start": {
            "line": 18,
            "column": 4
          },
          "end": {
            "line": 27,
            "column": 5
          }
        },
        "type": "if",
        "locations": [
          {
            "start": {
              "line": 18,
              "column": 4
            },
            "end": {
              "line": 27,
              "column": 5
            }
          },
          {
            "start": {
              "line": 18,
              "column": 4
            },
            "end": {
              "line": 27,
              "column": 5
            }
          }
        ],
        "line": 18
      },
      "2": {
        "loc": {
          "start": {
            "line": 23,
            "column": 11
          },
          "end": {
            "line": 27,
            "column": 5
          }
        },
        "type": "if",
        "locations": [
          {
            "start": {
              "line": 23,
              "column": 11
            },
            "end": {
              "line": 27,
              "column": 5
            }
          },
          {
            "start": {
              "line": 23,
              "column": 11
            },
            "end": {
              "line": 27,
              "column": 5
            }
          }
        ],
        "line": 23
      },
      "3": {
        "loc": {
          "start": {
            "line": 23,
            "column": 15
          },
          "end": {
            "line": 23,
            "column": 53
          }
        },
        "type": "binary-expr",
        "locations": [
          {
            "start": {
              "line": 23,
              "column": 15
            },
            "end": {
              "line": 23,
              "column": 32
            }
          },
          {
            "start": {
              "line": 23,
              "column": 36
            },
            "end": {
              "line": 23,
              "column": 53
            }
          }
        ],
        "line": 23
      }
    },
    "s": {
      "0": 7,
      "1": 1015,
      "2": 2023,
      "3": 1015,
      "4": 1015,
      "5": 1015,
      "6": 1008,
      "7": 1008,
      "8": 7,
      "9": 7,
      "10": 7,
      "11": 1001,
      "12": 0,
      "13": 0,
      "14": 0,
      "15": 1001,
      "16": 1015
    },
    "f": {
      "0": 1015,
      "1": 2023,
      "2": 1008
    },
    "b": {
      "0": [
        1001,
        14
      ],
      "1": [
        7,
        1001
      ],
      "2": [
        0,
        1001
      ],
      "3": [
        1001,
        1001
      ]
    },
    "_coverageSchema": "1a1c01bbd47fc00a2c39e90264f33305004495a9",
    "hash": "058e4cbde7daa5cf0b699c8bd94dd5b1c2bf3113"
  },
  "/Users/loganvincent/turing/mod-4/projects/pew-fe/src/Components/Map.js": {
    "path": "/Users/loganvincent/turing/mod-4/projects/pew-fe/src/Components/Map.js",
    "statementMap": {
      "0": {
        "start": {
          "line": 6,
          "column": 12
        },
        "end": {
          "line": 104,
          "column": 1
        }
      },
      "1": {
        "start": {
          "line": 7,
          "column": 34
        },
        "end": {
          "line": 7,
          "column": 46
        }
      },
      "2": {
        "start": {
          "line": 8,
          "column": 22
        },
        "end": {
          "line": 8,
          "column": 24
        }
      },
      "3": {
        "start": {
          "line": 9,
          "column": 2
        },
        "end": {
          "line": 41,
          "column": 3
        }
      },
      "4": {
        "start": {
          "line": 9,
          "column": 15
        },
        "end": {
          "line": 9,
          "column": 16
        }
      },
      "5": {
        "start": {
          "line": 10,
          "column": 4
        },
        "end": {
          "line": 40,
          "column": 5
        }
      },
      "6": {
        "start": {
          "line": 11,
          "column": 6
        },
        "end": {
          "line": 11,
          "column": 36
        }
      },
      "7": {
        "start": {
          "line": 12,
          "column": 11
        },
        "end": {
          "line": 40,
          "column": 5
        }
      },
      "8": {
        "start": {
          "line": 13,
          "column": 6
        },
        "end": {
          "line": 13,
          "column": 37
        }
      },
      "9": {
        "start": {
          "line": 14,
          "column": 11
        },
        "end": {
          "line": 40,
          "column": 5
        }
      },
      "10": {
        "start": {
          "line": 15,
          "column": 6
        },
        "end": {
          "line": 15,
          "column": 37
        }
      },
      "11": {
        "start": {
          "line": 16,
          "column": 11
        },
        "end": {
          "line": 40,
          "column": 5
        }
      },
      "12": {
        "start": {
          "line": 17,
          "column": 6
        },
        "end": {
          "line": 17,
          "column": 37
        }
      },
      "13": {
        "start": {
          "line": 18,
          "column": 11
        },
        "end": {
          "line": 40,
          "column": 5
        }
      },
      "14": {
        "start": {
          "line": 19,
          "column": 6
        },
        "end": {
          "line": 19,
          "column": 37
        }
      },
      "15": {
        "start": {
          "line": 20,
          "column": 11
        },
        "end": {
          "line": 40,
          "column": 5
        }
      },
      "16": {
        "start": {
          "line": 21,
          "column": 6
        },
        "end": {
          "line": 21,
          "column": 37
        }
      },
      "17": {
        "start": {
          "line": 22,
          "column": 11
        },
        "end": {
          "line": 40,
          "column": 5
        }
      },
      "18": {
        "start": {
          "line": 23,
          "column": 6
        },
        "end": {
          "line": 23,
          "column": 37
        }
      },
      "19": {
        "start": {
          "line": 24,
          "column": 11
        },
        "end": {
          "line": 40,
          "column": 5
        }
      },
      "20": {
        "start": {
          "line": 25,
          "column": 6
        },
        "end": {
          "line": 25,
          "column": 38
        }
      },
      "21": {
        "start": {
          "line": 26,
          "column": 11
        },
        "end": {
          "line": 40,
          "column": 5
        }
      },
      "22": {
        "start": {
          "line": 27,
          "column": 6
        },
        "end": {
          "line": 27,
          "column": 38
        }
      },
      "23": {
        "start": {
          "line": 28,
          "column": 11
        },
        "end": {
          "line": 40,
          "column": 5
        }
      },
      "24": {
        "start": {
          "line": 29,
          "column": 6
        },
        "end": {
          "line": 29,
          "column": 38
        }
      },
      "25": {
        "start": {
          "line": 30,
          "column": 11
        },
        "end": {
          "line": 40,
          "column": 5
        }
      },
      "26": {
        "start": {
          "line": 31,
          "column": 6
        },
        "end": {
          "line": 31,
          "column": 38
        }
      },
      "27": {
        "start": {
          "line": 32,
          "column": 11
        },
        "end": {
          "line": 40,
          "column": 5
        }
      },
      "28": {
        "start": {
          "line": 33,
          "column": 6
        },
        "end": {
          "line": 33,
          "column": 38
        }
      },
      "29": {
        "start": {
          "line": 34,
          "column": 11
        },
        "end": {
          "line": 40,
          "column": 5
        }
      },
      "30": {
        "start": {
          "line": 35,
          "column": 6
        },
        "end": {
          "line": 35,
          "column": 38
        }
      },
      "31": {
        "start": {
          "line": 36,
          "column": 11
        },
        "end": {
          "line": 40,
          "column": 5
        }
      },
      "32": {
        "start": {
          "line": 37,
          "column": 6
        },
        "end": {
          "line": 37,
          "column": 38
        }
      },
      "33": {
        "start": {
          "line": 38,
          "column": 11
        },
        "end": {
          "line": 40,
          "column": 5
        }
      },
      "34": {
        "start": {
          "line": 39,
          "column": 6
        },
        "end": {
          "line": 39,
          "column": 38
        }
      },
      "35": {
        "start": {
          "line": 43,
          "column": 16
        },
        "end": {
          "line": 45,
          "column": 4
        }
      },
      "36": {
        "start": {
          "line": 44,
          "column": 4
        },
        "end": {
          "line": 44,
          "column": 56
        }
      },
      "37": {
        "start": {
          "line": 63,
          "column": 6
        },
        "end": {
          "line": 63,
          "column": 11
        }
      },
      "38": {
        "start": {
          "line": 65,
          "column": 17
        },
        "end": {
          "line": 65,
          "column": 83
        }
      },
      "39": {
        "start": {
          "line": 66,
          "column": 17
        },
        "end": {
          "line": 66,
          "column": 83
        }
      },
      "40": {
        "start": {
          "line": 67,
          "column": 17
        },
        "end": {
          "line": 67,
          "column": 83
        }
      },
      "41": {
        "start": {
          "line": 68,
          "column": 17
        },
        "end": {
          "line": 68,
          "column": 83
        }
      },
      "42": {
        "start": {
          "line": 69,
          "column": 17
        },
        "end": {
          "line": 69,
          "column": 83
        }
      },
      "43": {
        "start": {
          "line": 70,
          "column": 17
        },
        "end": {
          "line": 70,
          "column": 83
        }
      },
      "44": {
        "start": {
          "line": 71,
          "column": 17
        },
        "end": {
          "line": 71,
          "column": 83
        }
      },
      "45": {
        "start": {
          "line": 72,
          "column": 17
        },
        "end": {
          "line": 72,
          "column": 83
        }
      },
      "46": {
        "start": {
          "line": 73,
          "column": 17
        },
        "end": {
          "line": 73,
          "column": 83
        }
      },
      "47": {
        "start": {
          "line": 74,
          "column": 17
        },
        "end": {
          "line": 74,
          "column": 83
        }
      },
      "48": {
        "start": {
          "line": 75,
          "column": 17
        },
        "end": {
          "line": 75,
          "column": 83
        }
      },
      "49": {
        "start": {
          "line": 76,
          "column": 17
        },
        "end": {
          "line": 76,
          "column": 83
        }
      },
      "50": {
        "start": {
          "line": 77,
          "column": 17
        },
        "end": {
          "line": 77,
          "column": 83
        }
      },
      "51": {
        "start": {
          "line": 78,
          "column": 17
        },
        "end": {
          "line": 78,
          "column": 83
        }
      },
      "52": {
        "start": {
          "line": 79,
          "column": 17
        },
        "end": {
          "line": 79,
          "column": 83
        }
      },
      "53": {
        "start": {
          "line": 81,
          "column": 2
        },
        "end": {
          "line": 103,
          "column": 3
        }
      }
    },
    "fnMap": {
      "0": {
        "name": "(anonymous_0)",
        "decl": {
          "start": {
            "line": 6,
            "column": 12
          },
          "end": {
            "line": 6,
            "column": 13
          }
        },
        "loc": {
          "start": {
            "line": 6,
            "column": 18
          },
          "end": {
            "line": 104,
            "column": 1
          }
        },
        "line": 6
      },
      "1": {
        "name": "(anonymous_1)",
        "decl": {
          "start": {
            "line": 43,
            "column": 33
          },
          "end": {
            "line": 43,
            "column": 34
          }
        },
        "loc": {
          "start": {
            "line": 43,
            "column": 41
          },
          "end": {
            "line": 45,
            "column": 3
          }
        },
        "line": 43
      }
    },
    "branchMap": {
      "0": {
        "loc": {
          "start": {
            "line": 10,
            "column": 4
          },
          "end": {
            "line": 40,
            "column": 5
          }
        },
        "type": "if",
        "locations": [
          {
            "start": {
              "line": 10,
              "column": 4
            },
            "end": {
              "line": 40,
              "column": 5
            }
          },
          {
            "start": {
              "line": 10,
              "column": 4
            },
            "end": {
              "line": 40,
              "column": 5
            }
          }
        ],
        "line": 10
      },
      "1": {
        "loc": {
          "start": {
            "line": 12,
            "column": 11
          },
          "end": {
            "line": 40,
            "column": 5
          }
        },
        "type": "if",
        "locations": [
          {
            "start": {
              "line": 12,
              "column": 11
            },
            "end": {
              "line": 40,
              "column": 5
            }
          },
          {
            "start": {
              "line": 12,
              "column": 11
            },
            "end": {
              "line": 40,
              "column": 5
            }
          }
        ],
        "line": 12
      },
      "2": {
        "loc": {
          "start": {
            "line": 12,
            "column": 16
          },
          "end": {
            "line": 12,
            "column": 33
          }
        },
        "type": "binary-expr",
        "locations": [
          {
            "start": {
              "line": 12,
              "column": 16
            },
            "end": {
              "line": 12,
              "column": 23
            }
          },
          {
            "start": {
              "line": 12,
              "column": 27
            },
            "end": {
              "line": 12,
              "column": 33
            }
          }
        ],
        "line": 12
      },
      "3": {
        "loc": {
          "start": {
            "line": 14,
            "column": 11
          },
          "end": {
            "line": 40,
            "column": 5
          }
        },
        "type": "if",
        "locations": [
          {
            "start": {
              "line": 14,
              "column": 11
            },
            "end": {
              "line": 40,
              "column": 5
            }
          },
          {
            "start": {
              "line": 14,
              "column": 11
            },
            "end": {
              "line": 40,
              "column": 5
            }
          }
        ],
        "line": 14
      },
      "4": {
        "loc": {
          "start": {
            "line": 14,
            "column": 16
          },
          "end": {
            "line": 14,
            "column": 33
          }
        },
        "type": "binary-expr",
        "locations": [
          {
            "start": {
              "line": 14,
              "column": 16
            },
            "end": {
              "line": 14,
              "column": 23
            }
          },
          {
            "start": {
              "line": 14,
              "column": 27
            },
            "end": {
              "line": 14,
              "column": 33
            }
          }
        ],
        "line": 14
      },
      "5": {
        "loc": {
          "start": {
            "line": 16,
            "column": 11
          },
          "end": {
            "line": 40,
            "column": 5
          }
        },
        "type": "if",
        "locations": [
          {
            "start": {
              "line": 16,
              "column": 11
            },
            "end": {
              "line": 40,
              "column": 5
            }
          },
          {
            "start": {
              "line": 16,
              "column": 11
            },
            "end": {
              "line": 40,
              "column": 5
            }
          }
        ],
        "line": 16
      },
      "6": {
        "loc": {
          "start": {
            "line": 16,
            "column": 16
          },
          "end": {
            "line": 16,
            "column": 33
          }
        },
        "type": "binary-expr",
        "locations": [
          {
            "start": {
              "line": 16,
              "column": 16
            },
            "end": {
              "line": 16,
              "column": 23
            }
          },
          {
            "start": {
              "line": 16,
              "column": 27
            },
            "end": {
              "line": 16,
              "column": 33
            }
          }
        ],
        "line": 16
      },
      "7": {
        "loc": {
          "start": {
            "line": 18,
            "column": 11
          },
          "end": {
            "line": 40,
            "column": 5
          }
        },
        "type": "if",
        "locations": [
          {
            "start": {
              "line": 18,
              "column": 11
            },
            "end": {
              "line": 40,
              "column": 5
            }
          },
          {
            "start": {
              "line": 18,
              "column": 11
            },
            "end": {
              "line": 40,
              "column": 5
            }
          }
        ],
        "line": 18
      },
      "8": {
        "loc": {
          "start": {
            "line": 18,
            "column": 16
          },
          "end": {
            "line": 18,
            "column": 33
          }
        },
        "type": "binary-expr",
        "locations": [
          {
            "start": {
              "line": 18,
              "column": 16
            },
            "end": {
              "line": 18,
              "column": 23
            }
          },
          {
            "start": {
              "line": 18,
              "column": 27
            },
            "end": {
              "line": 18,
              "column": 33
            }
          }
        ],
        "line": 18
      },
      "9": {
        "loc": {
          "start": {
            "line": 20,
            "column": 11
          },
          "end": {
            "line": 40,
            "column": 5
          }
        },
        "type": "if",
        "locations": [
          {
            "start": {
              "line": 20,
              "column": 11
            },
            "end": {
              "line": 40,
              "column": 5
            }
          },
          {
            "start": {
              "line": 20,
              "column": 11
            },
            "end": {
              "line": 40,
              "column": 5
            }
          }
        ],
        "line": 20
      },
      "10": {
        "loc": {
          "start": {
            "line": 20,
            "column": 16
          },
          "end": {
            "line": 20,
            "column": 33
          }
        },
        "type": "binary-expr",
        "locations": [
          {
            "start": {
              "line": 20,
              "column": 16
            },
            "end": {
              "line": 20,
              "column": 23
            }
          },
          {
            "start": {
              "line": 20,
              "column": 27
            },
            "end": {
              "line": 20,
              "column": 33
            }
          }
        ],
        "line": 20
      },
      "11": {
        "loc": {
          "start": {
            "line": 22,
            "column": 11
          },
          "end": {
            "line": 40,
            "column": 5
          }
        },
        "type": "if",
        "locations": [
          {
            "start": {
              "line": 22,
              "column": 11
            },
            "end": {
              "line": 40,
              "column": 5
            }
          },
          {
            "start": {
              "line": 22,
              "column": 11
            },
            "end": {
              "line": 40,
              "column": 5
            }
          }
        ],
        "line": 22
      },
      "12": {
        "loc": {
          "start": {
            "line": 22,
            "column": 16
          },
          "end": {
            "line": 22,
            "column": 34
          }
        },
        "type": "binary-expr",
        "locations": [
          {
            "start": {
              "line": 22,
              "column": 16
            },
            "end": {
              "line": 22,
              "column": 23
            }
          },
          {
            "start": {
              "line": 22,
              "column": 27
            },
            "end": {
              "line": 22,
              "column": 34
            }
          }
        ],
        "line": 22
      },
      "13": {
        "loc": {
          "start": {
            "line": 24,
            "column": 11
          },
          "end": {
            "line": 40,
            "column": 5
          }
        },
        "type": "if",
        "locations": [
          {
            "start": {
              "line": 24,
              "column": 11
            },
            "end": {
              "line": 40,
              "column": 5
            }
          },
          {
            "start": {
              "line": 24,
              "column": 11
            },
            "end": {
              "line": 40,
              "column": 5
            }
          }
        ],
        "line": 24
      },
      "14": {
        "loc": {
          "start": {
            "line": 24,
            "column": 16
          },
          "end": {
            "line": 24,
            "column": 35
          }
        },
        "type": "binary-expr",
        "locations": [
          {
            "start": {
              "line": 24,
              "column": 16
            },
            "end": {
              "line": 24,
              "column": 24
            }
          },
          {
            "start": {
              "line": 24,
              "column": 28
            },
            "end": {
              "line": 24,
              "column": 35
            }
          }
        ],
        "line": 24
      },
      "15": {
        "loc": {
          "start": {
            "line": 26,
            "column": 11
          },
          "end": {
            "line": 40,
            "column": 5
          }
        },
        "type": "if",
        "locations": [
          {
            "start": {
              "line": 26,
              "column": 11
            },
            "end": {
              "line": 40,
              "column": 5
            }
          },
          {
            "start": {
              "line": 26,
              "column": 11
            },
            "end": {
              "line": 40,
              "column": 5
            }
          }
        ],
        "line": 26
      },
      "16": {
        "loc": {
          "start": {
            "line": 26,
            "column": 16
          },
          "end": {
            "line": 26,
            "column": 35
          }
        },
        "type": "binary-expr",
        "locations": [
          {
            "start": {
              "line": 26,
              "column": 16
            },
            "end": {
              "line": 26,
              "column": 24
            }
          },
          {
            "start": {
              "line": 26,
              "column": 28
            },
            "end": {
              "line": 26,
              "column": 35
            }
          }
        ],
        "line": 26
      },
      "17": {
        "loc": {
          "start": {
            "line": 28,
            "column": 11
          },
          "end": {
            "line": 40,
            "column": 5
          }
        },
        "type": "if",
        "locations": [
          {
            "start": {
              "line": 28,
              "column": 11
            },
            "end": {
              "line": 40,
              "column": 5
            }
          },
          {
            "start": {
              "line": 28,
              "column": 11
            },
            "end": {
              "line": 40,
              "column": 5
            }
          }
        ],
        "line": 28
      },
      "18": {
        "loc": {
          "start": {
            "line": 28,
            "column": 16
          },
          "end": {
            "line": 28,
            "column": 35
          }
        },
        "type": "binary-expr",
        "locations": [
          {
            "start": {
              "line": 28,
              "column": 16
            },
            "end": {
              "line": 28,
              "column": 24
            }
          },
          {
            "start": {
              "line": 28,
              "column": 28
            },
            "end": {
              "line": 28,
              "column": 35
            }
          }
        ],
        "line": 28
      },
      "19": {
        "loc": {
          "start": {
            "line": 30,
            "column": 11
          },
          "end": {
            "line": 40,
            "column": 5
          }
        },
        "type": "if",
        "locations": [
          {
            "start": {
              "line": 30,
              "column": 11
            },
            "end": {
              "line": 40,
              "column": 5
            }
          },
          {
            "start": {
              "line": 30,
              "column": 11
            },
            "end": {
              "line": 40,
              "column": 5
            }
          }
        ],
        "line": 30
      },
      "20": {
        "loc": {
          "start": {
            "line": 30,
            "column": 16
          },
          "end": {
            "line": 30,
            "column": 35
          }
        },
        "type": "binary-expr",
        "locations": [
          {
            "start": {
              "line": 30,
              "column": 16
            },
            "end": {
              "line": 30,
              "column": 24
            }
          },
          {
            "start": {
              "line": 30,
              "column": 28
            },
            "end": {
              "line": 30,
              "column": 35
            }
          }
        ],
        "line": 30
      },
      "21": {
        "loc": {
          "start": {
            "line": 32,
            "column": 11
          },
          "end": {
            "line": 40,
            "column": 5
          }
        },
        "type": "if",
        "locations": [
          {
            "start": {
              "line": 32,
              "column": 11
            },
            "end": {
              "line": 40,
              "column": 5
            }
          },
          {
            "start": {
              "line": 32,
              "column": 11
            },
            "end": {
              "line": 40,
              "column": 5
            }
          }
        ],
        "line": 32
      },
      "22": {
        "loc": {
          "start": {
            "line": 32,
            "column": 16
          },
          "end": {
            "line": 32,
            "column": 35
          }
        },
        "type": "binary-expr",
        "locations": [
          {
            "start": {
              "line": 32,
              "column": 16
            },
            "end": {
              "line": 32,
              "column": 24
            }
          },
          {
            "start": {
              "line": 32,
              "column": 28
            },
            "end": {
              "line": 32,
              "column": 35
            }
          }
        ],
        "line": 32
      },
      "23": {
        "loc": {
          "start": {
            "line": 34,
            "column": 11
          },
          "end": {
            "line": 40,
            "column": 5
          }
        },
        "type": "if",
        "locations": [
          {
            "start": {
              "line": 34,
              "column": 11
            },
            "end": {
              "line": 40,
              "column": 5
            }
          },
          {
            "start": {
              "line": 34,
              "column": 11
            },
            "end": {
              "line": 40,
              "column": 5
            }
          }
        ],
        "line": 34
      },
      "24": {
        "loc": {
          "start": {
            "line": 34,
            "column": 16
          },
          "end": {
            "line": 34,
            "column": 35
          }
        },
        "type": "binary-expr",
        "locations": [
          {
            "start": {
              "line": 34,
              "column": 16
            },
            "end": {
              "line": 34,
              "column": 24
            }
          },
          {
            "start": {
              "line": 34,
              "column": 28
            },
            "end": {
              "line": 34,
              "column": 35
            }
          }
        ],
        "line": 34
      },
      "25": {
        "loc": {
          "start": {
            "line": 36,
            "column": 11
          },
          "end": {
            "line": 40,
            "column": 5
          }
        },
        "type": "if",
        "locations": [
          {
            "start": {
              "line": 36,
              "column": 11
            },
            "end": {
              "line": 40,
              "column": 5
            }
          },
          {
            "start": {
              "line": 36,
              "column": 11
            },
            "end": {
              "line": 40,
              "column": 5
            }
          }
        ],
        "line": 36
      },
      "26": {
        "loc": {
          "start": {
            "line": 36,
            "column": 16
          },
          "end": {
            "line": 36,
            "column": 35
          }
        },
        "type": "binary-expr",
        "locations": [
          {
            "start": {
              "line": 36,
              "column": 16
            },
            "end": {
              "line": 36,
              "column": 24
            }
          },
          {
            "start": {
              "line": 36,
              "column": 28
            },
            "end": {
              "line": 36,
              "column": 35
            }
          }
        ],
        "line": 36
      },
      "27": {
        "loc": {
          "start": {
            "line": 38,
            "column": 11
          },
          "end": {
            "line": 40,
            "column": 5
          }
        },
        "type": "if",
        "locations": [
          {
            "start": {
              "line": 38,
              "column": 11
            },
            "end": {
              "line": 40,
              "column": 5
            }
          },
          {
            "start": {
              "line": 38,
              "column": 11
            },
            "end": {
              "line": 40,
              "column": 5
            }
          }
        ],
        "line": 38
      },
      "28": {
        "loc": {
          "start": {
            "line": 38,
            "column": 16
          },
          "end": {
            "line": 38,
            "column": 35
          }
        },
        "type": "binary-expr",
        "locations": [
          {
            "start": {
              "line": 38,
              "column": 16
            },
            "end": {
              "line": 38,
              "column": 24
            }
          },
          {
            "start": {
              "line": 38,
              "column": 28
            },
            "end": {
              "line": 38,
              "column": 35
            }
          }
        ],
        "line": 38
      }
    },
    "s": {
      "0": 7,
      "1": 0,
      "2": 0,
      "3": 0,
      "4": 0,
      "5": 0,
      "6": 0,
      "7": 0,
      "8": 0,
      "9": 0,
      "10": 0,
      "11": 0,
      "12": 0,
      "13": 0,
      "14": 0,
      "15": 0,
      "16": 0,
      "17": 0,
      "18": 0,
      "19": 0,
      "20": 0,
      "21": 0,
      "22": 0,
      "23": 0,
      "24": 0,
      "25": 0,
      "26": 0,
      "27": 0,
      "28": 0,
      "29": 0,
      "30": 0,
      "31": 0,
      "32": 0,
      "33": 0,
      "34": 0,
      "35": 0,
      "36": 0,
      "37": 0,
      "38": 0,
      "39": 0,
      "40": 0,
      "41": 0,
      "42": 0,
      "43": 0,
      "44": 0,
      "45": 0,
      "46": 0,
      "47": 0,
      "48": 0,
      "49": 0,
      "50": 0,
      "51": 0,
      "52": 0,
      "53": 0
    },
    "f": {
      "0": 0,
      "1": 0
    },
    "b": {
      "0": [
        0,
        0
      ],
      "1": [
        0,
        0
      ],
      "2": [
        0,
        0
      ],
      "3": [
        0,
        0
      ],
      "4": [
        0,
        0
      ],
      "5": [
        0,
        0
      ],
      "6": [
        0,
        0
      ],
      "7": [
        0,
        0
      ],
      "8": [
        0,
        0
      ],
      "9": [
        0,
        0
      ],
      "10": [
        0,
        0
      ],
      "11": [
        0,
        0
      ],
      "12": [
        0,
        0
      ],
      "13": [
        0,
        0
      ],
      "14": [
        0,
        0
      ],
      "15": [
        0,
        0
      ],
      "16": [
        0,
        0
      ],
      "17": [
        0,
        0
      ],
      "18": [
        0,
        0
      ],
      "19": [
        0,
        0
      ],
      "20": [
        0,
        0
      ],
      "21": [
        0,
        0
      ],
      "22": [
        0,
        0
      ],
      "23": [
        0,
        0
      ],
      "24": [
        0,
        0
      ],
      "25": [
        0,
        0
      ],
      "26": [
        0,
        0
      ],
      "27": [
        0,
        0
      ],
      "28": [
        0,
        0
      ]
    },
    "_coverageSchema": "1a1c01bbd47fc00a2c39e90264f33305004495a9",
    "hash": "f8f5c7cdfc7f87fd0026988e68128e81c5836a39"
  },
  "/Users/loganvincent/turing/mod-4/projects/pew-fe/src/Components/data/overlay-grid.js": {
    "path": "/Users/loganvincent/turing/mod-4/projects/pew-fe/src/Components/data/overlay-grid.js",
    "statementMap": {
      "0": {
        "start": {
          "line": 1,
          "column": 20
        },
        "end": {
          "line": 227,
          "column": 1
        }
      }
    },
    "fnMap": {},
    "branchMap": {},
    "s": {
      "0": 7
    },
    "f": {},
    "b": {},
    "_coverageSchema": "1a1c01bbd47fc00a2c39e90264f33305004495a9",
    "hash": "b1ea49e6eaefc9c622b9198fe8215d8335a3526e"
  },
  "/Users/loganvincent/turing/mod-4/projects/pew-fe/src/Components/OverlayTile.js": {
    "path": "/Users/loganvincent/turing/mod-4/projects/pew-fe/src/Components/OverlayTile.js",
    "statementMap": {
      "0": {
        "start": {
          "line": 4,
          "column": 20
        },
        "end": {
          "line": 8,
          "column": 1
        }
      },
      "1": {
        "start": {
          "line": 5,
          "column": 2
        },
        "end": {
          "line": 7,
          "column": 3
        }
      }
    },
    "fnMap": {
      "0": {
        "name": "(anonymous_0)",
        "decl": {
          "start": {
            "line": 4,
            "column": 20
          },
          "end": {
            "line": 4,
            "column": 21
          }
        },
        "loc": {
          "start": {
            "line": 4,
            "column": 26
          },
          "end": {
            "line": 8,
            "column": 1
          }
        },
        "line": 4
      }
    },
    "branchMap": {},
    "s": {
      "0": 7,
      "1": 0
    },
    "f": {
      "0": 0
    },
    "b": {},
    "_coverageSchema": "1a1c01bbd47fc00a2c39e90264f33305004495a9",
    "hash": "db89daf9d8643dbe5e83846af9e3a4aa4bcd2341"
  },
  "/Users/loganvincent/turing/mod-4/projects/pew-fe/src/actions/index.js": {
    "path": "/Users/loganvincent/turing/mod-4/projects/pew-fe/src/actions/index.js",
    "statementMap": {
      "0": {
        "start": {
          "line": 4,
          "column": 22
        },
        "end": {
          "line": 8,
          "column": 1
        }
      },
      "1": {
        "start": {
          "line": 5,
          "column": 1
        },
        "end": {
          "line": 7,
          "column": 2
        }
      },
      "2": {
        "start": {
          "line": 10,
          "column": 25
        },
        "end": {
          "line": 14,
          "column": 1
        }
      },
      "3": {
        "start": {
          "line": 11,
          "column": 1
        },
        "end": {
          "line": 13,
          "column": 2
        }
      },
      "4": {
        "start": {
          "line": 16,
          "column": 24
        },
        "end": {
          "line": 20,
          "column": 1
        }
      },
      "5": {
        "start": {
          "line": 17,
          "column": 1
        },
        "end": {
          "line": 19,
          "column": 2
        }
      },
      "6": {
        "start": {
          "line": 22,
          "column": 24
        },
        "end": {
          "line": 26,
          "column": 1
        }
      },
      "7": {
        "start": {
          "line": 23,
          "column": 1
        },
        "end": {
          "line": 25,
          "column": 2
        }
      },
      "8": {
        "start": {
          "line": 28,
          "column": 30
        },
        "end": {
          "line": 32,
          "column": 1
        }
      },
      "9": {
        "start": {
          "line": 29,
          "column": 2
        },
        "end": {
          "line": 31,
          "column": 3
        }
      },
      "10": {
        "start": {
          "line": 34,
          "column": 32
        },
        "end": {
          "line": 38,
          "column": 1
        }
      },
      "11": {
        "start": {
          "line": 35,
          "column": 2
        },
        "end": {
          "line": 37,
          "column": 3
        }
      },
      "12": {
        "start": {
          "line": 40,
          "column": 33
        },
        "end": {
          "line": 45,
          "column": 1
        }
      },
      "13": {
        "start": {
          "line": 41,
          "column": 2
        },
        "end": {
          "line": 44,
          "column": 3
        }
      },
      "14": {
        "start": {
          "line": 47,
          "column": 35
        },
        "end": {
          "line": 52,
          "column": 1
        }
      },
      "15": {
        "start": {
          "line": 48,
          "column": 2
        },
        "end": {
          "line": 51,
          "column": 3
        }
      },
      "16": {
        "start": {
          "line": 54,
          "column": 31
        },
        "end": {
          "line": 59,
          "column": 1
        }
      },
      "17": {
        "start": {
          "line": 55,
          "column": 2
        },
        "end": {
          "line": 58,
          "column": 3
        }
      },
      "18": {
        "start": {
          "line": 61,
          "column": 27
        },
        "end": {
          "line": 66,
          "column": 1
        }
      },
      "19": {
        "start": {
          "line": 62,
          "column": 1
        },
        "end": {
          "line": 65,
          "column": 2
        }
      }
    },
    "fnMap": {
      "0": {
        "name": "(anonymous_0)",
        "decl": {
          "start": {
            "line": 4,
            "column": 22
          },
          "end": {
            "line": 4,
            "column": 23
          }
        },
        "loc": {
          "start": {
            "line": 4,
            "column": 28
          },
          "end": {
            "line": 8,
            "column": 1
          }
        },
        "line": 4
      },
      "1": {
        "name": "(anonymous_1)",
        "decl": {
          "start": {
            "line": 10,
            "column": 25
          },
          "end": {
            "line": 10,
            "column": 26
          }
        },
        "loc": {
          "start": {
            "line": 10,
            "column": 31
          },
          "end": {
            "line": 14,
            "column": 1
          }
        },
        "line": 10
      },
      "2": {
        "name": "(anonymous_2)",
        "decl": {
          "start": {
            "line": 16,
            "column": 24
          },
          "end": {
            "line": 16,
            "column": 25
          }
        },
        "loc": {
          "start": {
            "line": 16,
            "column": 30
          },
          "end": {
            "line": 20,
            "column": 1
          }
        },
        "line": 16
      },
      "3": {
        "name": "(anonymous_3)",
        "decl": {
          "start": {
            "line": 22,
            "column": 24
          },
          "end": {
            "line": 22,
            "column": 25
          }
        },
        "loc": {
          "start": {
            "line": 22,
            "column": 30
          },
          "end": {
            "line": 26,
            "column": 1
          }
        },
        "line": 22
      },
      "4": {
        "name": "(anonymous_4)",
        "decl": {
          "start": {
            "line": 28,
            "column": 30
          },
          "end": {
            "line": 28,
            "column": 31
          }
        },
        "loc": {
          "start": {
            "line": 28,
            "column": 36
          },
          "end": {
            "line": 32,
            "column": 1
          }
        },
        "line": 28
      },
      "5": {
        "name": "(anonymous_5)",
        "decl": {
          "start": {
            "line": 34,
            "column": 32
          },
          "end": {
            "line": 34,
            "column": 33
          }
        },
        "loc": {
          "start": {
            "line": 34,
            "column": 38
          },
          "end": {
            "line": 38,
            "column": 1
          }
        },
        "line": 34
      },
      "6": {
        "name": "(anonymous_6)",
        "decl": {
          "start": {
            "line": 40,
            "column": 33
          },
          "end": {
            "line": 40,
            "column": 34
          }
        },
        "loc": {
          "start": {
            "line": 40,
            "column": 46
          },
          "end": {
            "line": 45,
            "column": 1
          }
        },
        "line": 40
      },
      "7": {
        "name": "(anonymous_7)",
        "decl": {
          "start": {
            "line": 47,
            "column": 35
          },
          "end": {
            "line": 47,
            "column": 36
          }
        },
        "loc": {
          "start": {
            "line": 47,
            "column": 45
          },
          "end": {
            "line": 52,
            "column": 1
          }
        },
        "line": 47
      },
      "8": {
        "name": "(anonymous_8)",
        "decl": {
          "start": {
            "line": 54,
            "column": 31
          },
          "end": {
            "line": 54,
            "column": 32
          }
        },
        "loc": {
          "start": {
            "line": 54,
            "column": 41
          },
          "end": {
            "line": 59,
            "column": 1
          }
        },
        "line": 54
      },
      "9": {
        "name": "(anonymous_9)",
        "decl": {
          "start": {
            "line": 61,
            "column": 27
          },
          "end": {
            "line": 61,
            "column": 28
          }
        },
        "loc": {
          "start": {
            "line": 61,
            "column": 43
          },
          "end": {
            "line": 66,
            "column": 1
          }
        },
        "line": 61
      }
    },
    "branchMap": {},
    "s": {
      "0": 7,
      "1": 0,
      "2": 7,
      "3": 0,
      "4": 7,
      "5": 0,
      "6": 7,
      "7": 0,
      "8": 7,
      "9": 0,
      "10": 7,
      "11": 0,
      "12": 7,
      "13": 7,
      "14": 7,
      "15": 0,
      "16": 7,
      "17": 0,
      "18": 7,
      "19": 0
    },
    "f": {
      "0": 0,
      "1": 0,
      "2": 0,
      "3": 0,
      "4": 0,
      "5": 0,
      "6": 7,
      "7": 0,
      "8": 0,
      "9": 0
    },
    "b": {},
    "_coverageSchema": "1a1c01bbd47fc00a2c39e90264f33305004495a9",
    "hash": "3e927be79114cadf053f65179fdea52f117e7ae6"
  },
  "/Users/loganvincent/turing/mod-4/projects/pew-fe/src/Components/Exit.js": {
    "path": "/Users/loganvincent/turing/mod-4/projects/pew-fe/src/Components/Exit.js",
    "statementMap": {
      "0": {
        "start": {
          "line": 8,
          "column": 13
        },
        "end": {
          "line": 24,
          "column": 1
        }
      },
      "1": {
        "start": {
          "line": 9,
          "column": 21
        },
        "end": {
          "line": 9,
          "column": 59
        }
      },
      "2": {
        "start": {
          "line": 9,
          "column": 42
        },
        "end": {
          "line": 9,
          "column": 58
        }
      },
      "3": {
        "start": {
          "line": 10,
          "column": 21
        },
        "end": {
          "line": 10,
          "column": 31
        }
      },
      "4": {
        "start": {
          "line": 11,
          "column": 19
        },
        "end": {
          "line": 11,
          "column": 32
        }
      },
      "5": {
        "start": {
          "line": 13,
          "column": 2
        },
        "end": {
          "line": 19,
          "column": 20
        }
      },
      "6": {
        "start": {
          "line": 14,
          "column": 4
        },
        "end": {
          "line": 18,
          "column": 5
        }
      },
      "7": {
        "start": {
          "line": 15,
          "column": 6
        },
        "end": {
          "line": 15,
          "column": 34
        }
      },
      "8": {
        "start": {
          "line": 21,
          "column": 2
        },
        "end": {
          "line": 23,
          "column": 3
        }
      }
    },
    "fnMap": {
      "0": {
        "name": "(anonymous_0)",
        "decl": {
          "start": {
            "line": 8,
            "column": 13
          },
          "end": {
            "line": 8,
            "column": 14
          }
        },
        "loc": {
          "start": {
            "line": 8,
            "column": 19
          },
          "end": {
            "line": 24,
            "column": 1
          }
        },
        "line": 8
      },
      "1": {
        "name": "(anonymous_1)",
        "decl": {
          "start": {
            "line": 9,
            "column": 33
          },
          "end": {
            "line": 9,
            "column": 34
          }
        },
        "loc": {
          "start": {
            "line": 9,
            "column": 42
          },
          "end": {
            "line": 9,
            "column": 58
          }
        },
        "line": 9
      },
      "2": {
        "name": "(anonymous_2)",
        "decl": {
          "start": {
            "line": 13,
            "column": 12
          },
          "end": {
            "line": 13,
            "column": 13
          }
        },
        "loc": {
          "start": {
            "line": 13,
            "column": 18
          },
          "end": {
            "line": 19,
            "column": 3
          }
        },
        "line": 13
      }
    },
    "branchMap": {
      "0": {
        "loc": {
          "start": {
            "line": 14,
            "column": 4
          },
          "end": {
            "line": 18,
            "column": 5
          }
        },
        "type": "if",
        "locations": [
          {
            "start": {
              "line": 14,
              "column": 4
            },
            "end": {
              "line": 18,
              "column": 5
            }
          },
          {
            "start": {
              "line": 14,
              "column": 4
            },
            "end": {
              "line": 18,
              "column": 5
            }
          }
        ],
        "line": 14
      }
    },
    "s": {
      "0": 7,
      "1": 7,
      "2": 14,
      "3": 7,
      "4": 7,
      "5": 7,
      "6": 7,
      "7": 0,
      "8": 7
    },
    "f": {
      "0": 7,
      "1": 14,
      "2": 7
    },
    "b": {
      "0": [
        0,
        7
      ]
    },
    "_coverageSchema": "1a1c01bbd47fc00a2c39e90264f33305004495a9",
    "hash": "13475515a209380f78e181c346a0cb815f52dfa9"
  },
  "/Users/loganvincent/turing/mod-4/projects/pew-fe/src/Components/Breakaway.js": {
    "path": "/Users/loganvincent/turing/mod-4/projects/pew-fe/src/Components/Breakaway.js",
    "statementMap": {
      "0": {
        "start": {
          "line": 7,
          "column": 18
        },
        "end": {
          "line": 20,
          "column": 1
        }
      },
      "1": {
        "start": {
          "line": 8,
          "column": 19
        },
        "end": {
          "line": 8,
          "column": 20
        }
      },
      "2": {
        "start": {
          "line": 10,
          "column": 20
        },
        "end": {
          "line": 12,
          "column": 3
        }
      },
      "3": {
        "start": {
          "line": 11,
          "column": 4
        },
        "end": {
          "line": 11,
          "column": 20
        }
      },
      "4": {
        "start": {
          "line": 14,
          "column": 2
        },
        "end": {
          "line": 19,
          "column": 3
        }
      }
    },
    "fnMap": {
      "0": {
        "name": "(anonymous_0)",
        "decl": {
          "start": {
            "line": 7,
            "column": 18
          },
          "end": {
            "line": 7,
            "column": 19
          }
        },
        "loc": {
          "start": {
            "line": 7,
            "column": 24
          },
          "end": {
            "line": 20,
            "column": 1
          }
        },
        "line": 7
      },
      "1": {
        "name": "(anonymous_1)",
        "decl": {
          "start": {
            "line": 10,
            "column": 20
          },
          "end": {
            "line": 10,
            "column": 21
          }
        },
        "loc": {
          "start": {
            "line": 10,
            "column": 26
          },
          "end": {
            "line": 12,
            "column": 3
          }
        },
        "line": 10
      }
    },
    "branchMap": {
      "0": {
        "loc": {
          "start": {
            "line": 16,
            "column": 7
          },
          "end": {
            "line": 16,
            "column": 77
          }
        },
        "type": "binary-expr",
        "locations": [
          {
            "start": {
              "line": 16,
              "column": 7
            },
            "end": {
              "line": 16,
              "column": 21
            }
          },
          {
            "start": {
              "line": 16,
              "column": 25
            },
            "end": {
              "line": 16,
              "column": 77
            }
          }
        ],
        "line": 16
      },
      "1": {
        "loc": {
          "start": {
            "line": 17,
            "column": 7
          },
          "end": {
            "line": 17,
            "column": 51
          }
        },
        "type": "binary-expr",
        "locations": [
          {
            "start": {
              "line": 17,
              "column": 7
            },
            "end": {
              "line": 17,
              "column": 22
            }
          },
          {
            "start": {
              "line": 17,
              "column": 26
            },
            "end": {
              "line": 17,
              "column": 51
            }
          }
        ],
        "line": 17
      }
    },
    "s": {
      "0": 7,
      "1": 49,
      "2": 49,
      "3": 0,
      "4": 49
    },
    "f": {
      "0": 49,
      "1": 0
    },
    "b": {
      "0": [
        49,
        49
      ],
      "1": [
        49,
        0
      ]
    },
    "_coverageSchema": "1a1c01bbd47fc00a2c39e90264f33305004495a9",
    "hash": "1cb6c8c4bd64fce3b2c3f040ab081b9101ac41e9"
  },
  "/Users/loganvincent/turing/mod-4/projects/pew-fe/src/Components/Counter.js": {
    "path": "/Users/loganvincent/turing/mod-4/projects/pew-fe/src/Components/Counter.js",
    "statementMap": {
      "0": {
        "start": {
          "line": 8,
          "column": 16
        },
        "end": {
          "line": 30,
          "column": 1
        }
      },
      "1": {
        "start": {
          "line": 9,
          "column": 19
        },
        "end": {
          "line": 9,
          "column": 32
        }
      },
      "2": {
        "start": {
          "line": 11,
          "column": 16
        },
        "end": {
          "line": 11,
          "column": 17
        }
      },
      "3": {
        "start": {
          "line": 12,
          "column": 14
        },
        "end": {
          "line": 23,
          "column": 10
        }
      },
      "4": {
        "start": {
          "line": 13,
          "column": 4
        },
        "end": {
          "line": 13,
          "column": 17
        }
      },
      "5": {
        "start": {
          "line": 16,
          "column": 4
        },
        "end": {
          "line": 16,
          "column": 70
        }
      },
      "6": {
        "start": {
          "line": 17,
          "column": 4
        },
        "end": {
          "line": 22,
          "column": 5
        }
      },
      "7": {
        "start": {
          "line": 18,
          "column": 24
        },
        "end": {
          "line": 18,
          "column": 31
        }
      },
      "8": {
        "start": {
          "line": 19,
          "column": 6
        },
        "end": {
          "line": 19,
          "column": 42
        }
      },
      "9": {
        "start": {
          "line": 20,
          "column": 6
        },
        "end": {
          "line": 20,
          "column": 27
        }
      },
      "10": {
        "start": {
          "line": 21,
          "column": 6
        },
        "end": {
          "line": 21,
          "column": 40
        }
      },
      "11": {
        "start": {
          "line": 25,
          "column": 2
        },
        "end": {
          "line": 25,
          "column": 40
        }
      },
      "12": {
        "start": {
          "line": 27,
          "column": 2
        },
        "end": {
          "line": 29,
          "column": 3
        }
      }
    },
    "fnMap": {
      "0": {
        "name": "(anonymous_0)",
        "decl": {
          "start": {
            "line": 8,
            "column": 16
          },
          "end": {
            "line": 8,
            "column": 17
          }
        },
        "loc": {
          "start": {
            "line": 8,
            "column": 22
          },
          "end": {
            "line": 30,
            "column": 1
          }
        },
        "line": 8
      },
      "1": {
        "name": "(anonymous_1)",
        "decl": {
          "start": {
            "line": 12,
            "column": 26
          },
          "end": {
            "line": 12,
            "column": 27
          }
        },
        "loc": {
          "start": {
            "line": 12,
            "column": 32
          },
          "end": {
            "line": 23,
            "column": 3
          }
        },
        "line": 12
      }
    },
    "branchMap": {
      "0": {
        "loc": {
          "start": {
            "line": 17,
            "column": 4
          },
          "end": {
            "line": 22,
            "column": 5
          }
        },
        "type": "if",
        "locations": [
          {
            "start": {
              "line": 17,
              "column": 4
            },
            "end": {
              "line": 22,
              "column": 5
            }
          },
          {
            "start": {
              "line": 17,
              "column": 4
            },
            "end": {
              "line": 22,
              "column": 5
            }
          }
        ],
        "line": 17
      }
    },
    "s": {
      "0": 7,
      "1": 7,
      "2": 7,
      "3": 7,
      "4": 11,
      "5": 11,
      "6": 11,
      "7": 0,
      "8": 0,
      "9": 0,
      "10": 0,
      "11": 7,
      "12": 7
    },
    "f": {
      "0": 7,
      "1": 11
    },
    "b": {
      "0": [
        0,
        11
      ]
    },
    "_coverageSchema": "1a1c01bbd47fc00a2c39e90264f33305004495a9",
    "hash": "19fd821e4aaeaa9088bb2f8047a9227c606a4e82"
  },
  "/Users/loganvincent/turing/mod-4/projects/pew-fe/src/apiCalls/apiCalls.js": {
    "path": "/Users/loganvincent/turing/mod-4/projects/pew-fe/src/apiCalls/apiCalls.js",
    "statementMap": {
      "0": {
        "start": {
          "line": 1,
          "column": 30
        },
        "end": {
          "line": 6,
          "column": 2
        }
      },
      "1": {
        "start": {
          "line": 2,
          "column": 2
        },
        "end": {
          "line": 5,
          "column": 33
        }
      },
      "2": {
        "start": {
          "line": 3,
          "column": 20
        },
        "end": {
          "line": 3,
          "column": 35
        }
      },
      "3": {
        "start": {
          "line": 4,
          "column": 16
        },
        "end": {
          "line": 4,
          "column": 26
        }
      },
      "4": {
        "start": {
          "line": 5,
          "column": 16
        },
        "end": {
          "line": 5,
          "column": 32
        }
      },
      "5": {
        "start": {
          "line": 8,
          "column": 27
        },
        "end": {
          "line": 19,
          "column": 2
        }
      },
      "6": {
        "start": {
          "line": 11,
          "column": 2
        },
        "end": {
          "line": 18,
          "column": 33
        }
      },
      "7": {
        "start": {
          "line": 16,
          "column": 15
        },
        "end": {
          "line": 16,
          "column": 25
        }
      },
      "8": {
        "start": {
          "line": 17,
          "column": 16
        },
        "end": {
          "line": 17,
          "column": 33
        }
      },
      "9": {
        "start": {
          "line": 18,
          "column": 16
        },
        "end": {
          "line": 18,
          "column": 32
        }
      }
    },
    "fnMap": {
      "0": {
        "name": "(anonymous_0)",
        "decl": {
          "start": {
            "line": 1,
            "column": 30
          },
          "end": {
            "line": 1,
            "column": 31
          }
        },
        "loc": {
          "start": {
            "line": 1,
            "column": 36
          },
          "end": {
            "line": 6,
            "column": 2
          }
        },
        "line": 1
      },
      "1": {
        "name": "(anonymous_1)",
        "decl": {
          "start": {
            "line": 3,
            "column": 8
          },
          "end": {
            "line": 3,
            "column": 9
          }
        },
        "loc": {
          "start": {
            "line": 3,
            "column": 20
          },
          "end": {
            "line": 3,
            "column": 35
          }
        },
        "line": 3
      },
      "2": {
        "name": "(anonymous_2)",
        "decl": {
          "start": {
            "line": 4,
            "column": 8
          },
          "end": {
            "line": 4,
            "column": 9
          }
        },
        "loc": {
          "start": {
            "line": 4,
            "column": 16
          },
          "end": {
            "line": 4,
            "column": 26
          }
        },
        "line": 4
      },
      "3": {
        "name": "(anonymous_3)",
        "decl": {
          "start": {
            "line": 5,
            "column": 9
          },
          "end": {
            "line": 5,
            "column": 10
          }
        },
        "loc": {
          "start": {
            "line": 5,
            "column": 16
          },
          "end": {
            "line": 5,
            "column": 32
          }
        },
        "line": 5
      },
      "4": {
        "name": "(anonymous_4)",
        "decl": {
          "start": {
            "line": 8,
            "column": 27
          },
          "end": {
            "line": 8,
            "column": 28
          }
        },
        "loc": {
          "start": {
            "line": 8,
            "column": 41
          },
          "end": {
            "line": 19,
            "column": 2
          }
        },
        "line": 8
      },
      "5": {
        "name": "(anonymous_5)",
        "decl": {
          "start": {
            "line": 16,
            "column": 8
          },
          "end": {
            "line": 16,
            "column": 9
          }
        },
        "loc": {
          "start": {
            "line": 16,
            "column": 15
          },
          "end": {
            "line": 16,
            "column": 25
          }
        },
        "line": 16
      },
      "6": {
        "name": "(anonymous_6)",
        "decl": {
          "start": {
            "line": 17,
            "column": 8
          },
          "end": {
            "line": 17,
            "column": 9
          }
        },
        "loc": {
          "start": {
            "line": 17,
            "column": 16
          },
          "end": {
            "line": 17,
            "column": 33
          }
        },
        "line": 17
      },
      "7": {
        "name": "(anonymous_7)",
        "decl": {
          "start": {
            "line": 18,
            "column": 9
          },
          "end": {
            "line": 18,
            "column": 10
          }
        },
        "loc": {
          "start": {
            "line": 18,
            "column": 16
          },
          "end": {
            "line": 18,
            "column": 32
          }
        },
        "line": 18
      }
    },
    "branchMap": {},
    "s": {
      "0": 7,
      "1": 7,
      "2": 7,
      "3": 7,
      "4": 0,
      "5": 7,
      "6": 0,
      "7": 0,
      "8": 0,
      "9": 0
    },
    "f": {
      "0": 7,
      "1": 7,
      "2": 7,
      "3": 0,
      "4": 0,
      "5": 0,
      "6": 0,
      "7": 0
    },
    "b": {},
    "_coverageSchema": "1a1c01bbd47fc00a2c39e90264f33305004495a9",
    "hash": "895167bc4de109c3fdb7402243e34ae8fd09a94b"
  },
  "/Users/loganvincent/turing/mod-4/projects/pew-fe/src/Components/data/TileContainer.js": {
    "path": "/Users/loganvincent/turing/mod-4/projects/pew-fe/src/Components/data/TileContainer.js",
    "statementMap": {
      "0": {
        "start": {
          "line": 10,
          "column": 26
        },
        "end": {
          "line": 10,
          "column": 27
        }
      },
      "1": {
        "start": {
          "line": 12,
          "column": 22
        },
        "end": {
          "line": 119,
          "column": 1
        }
      },
      "2": {
        "start": {
          "line": 13,
          "column": 21
        },
        "end": {
          "line": 13,
          "column": 59
        }
      },
      "3": {
        "start": {
          "line": 13,
          "column": 42
        },
        "end": {
          "line": 13,
          "column": 58
        }
      },
      "4": {
        "start": {
          "line": 14,
          "column": 2
        },
        "end": {
          "line": 14,
          "column": 27
        }
      },
      "5": {
        "start": {
          "line": 15,
          "column": 20
        },
        "end": {
          "line": 15,
          "column": 57
        }
      },
      "6": {
        "start": {
          "line": 15,
          "column": 41
        },
        "end": {
          "line": 15,
          "column": 56
        }
      },
      "7": {
        "start": {
          "line": 16,
          "column": 27
        },
        "end": {
          "line": 16,
          "column": 71
        }
      },
      "8": {
        "start": {
          "line": 16,
          "column": 48
        },
        "end": {
          "line": 16,
          "column": 70
        }
      },
      "9": {
        "start": {
          "line": 17,
          "column": 24
        },
        "end": {
          "line": 17,
          "column": 65
        }
      },
      "10": {
        "start": {
          "line": 17,
          "column": 45
        },
        "end": {
          "line": 17,
          "column": 64
        }
      },
      "11": {
        "start": {
          "line": 18,
          "column": 20
        },
        "end": {
          "line": 18,
          "column": 57
        }
      },
      "12": {
        "start": {
          "line": 18,
          "column": 41
        },
        "end": {
          "line": 18,
          "column": 56
        }
      },
      "13": {
        "start": {
          "line": 19,
          "column": 19
        },
        "end": {
          "line": 19,
          "column": 32
        }
      },
      "14": {
        "start": {
          "line": 23,
          "column": 14
        },
        "end": {
          "line": 23,
          "column": 343
        }
      },
      "15": {
        "start": {
          "line": 25,
          "column": 2
        },
        "end": {
          "line": 27,
          "column": 8
        }
      },
      "16": {
        "start": {
          "line": 26,
          "column": 4
        },
        "end": {
          "line": 26,
          "column": 65
        }
      },
      "17": {
        "start": {
          "line": 26,
          "column": 48
        },
        "end": {
          "line": 26,
          "column": 64
        }
      },
      "18": {
        "start": {
          "line": 29,
          "column": 2
        },
        "end": {
          "line": 33,
          "column": 20
        }
      },
      "19": {
        "start": {
          "line": 30,
          "column": 4
        },
        "end": {
          "line": 32,
          "column": 5
        }
      },
      "20": {
        "start": {
          "line": 35,
          "column": 20
        },
        "end": {
          "line": 47,
          "column": 3
        }
      },
      "21": {
        "start": {
          "line": 36,
          "column": 19
        },
        "end": {
          "line": 43,
          "column": 5
        }
      },
      "22": {
        "start": {
          "line": 45,
          "column": 4
        },
        "end": {
          "line": 45,
          "column": 30
        }
      },
      "23": {
        "start": {
          "line": 46,
          "column": 4
        },
        "end": {
          "line": 46,
          "column": 31
        }
      },
      "24": {
        "start": {
          "line": 49,
          "column": 24
        },
        "end": {
          "line": 86,
          "column": 3
        }
      },
      "25": {
        "start": {
          "line": 50,
          "column": 4
        },
        "end": {
          "line": 85,
          "column": 5
        }
      },
      "26": {
        "start": {
          "line": 51,
          "column": 6
        },
        "end": {
          "line": 58,
          "column": 7
        }
      },
      "27": {
        "start": {
          "line": 52,
          "column": 8
        },
        "end": {
          "line": 52,
          "column": 26
        }
      },
      "28": {
        "start": {
          "line": 53,
          "column": 8
        },
        "end": {
          "line": 53,
          "column": 34
        }
      },
      "29": {
        "start": {
          "line": 59,
          "column": 11
        },
        "end": {
          "line": 85,
          "column": 5
        }
      },
      "30": {
        "start": {
          "line": 60,
          "column": 6
        },
        "end": {
          "line": 66,
          "column": 7
        }
      },
      "31": {
        "start": {
          "line": 61,
          "column": 8
        },
        "end": {
          "line": 61,
          "column": 29
        }
      },
      "32": {
        "start": {
          "line": 62,
          "column": 8
        },
        "end": {
          "line": 62,
          "column": 34
        }
      },
      "33": {
        "start": {
          "line": 67,
          "column": 11
        },
        "end": {
          "line": 85,
          "column": 5
        }
      },
      "34": {
        "start": {
          "line": 68,
          "column": 6
        },
        "end": {
          "line": 74,
          "column": 7
        }
      },
      "35": {
        "start": {
          "line": 69,
          "column": 8
        },
        "end": {
          "line": 69,
          "column": 28
        }
      },
      "36": {
        "start": {
          "line": 70,
          "column": 8
        },
        "end": {
          "line": 70,
          "column": 34
        }
      },
      "37": {
        "start": {
          "line": 75,
          "column": 11
        },
        "end": {
          "line": 85,
          "column": 5
        }
      },
      "38": {
        "start": {
          "line": 76,
          "column": 6
        },
        "end": {
          "line": 82,
          "column": 7
        }
      },
      "39": {
        "start": {
          "line": 77,
          "column": 8
        },
        "end": {
          "line": 77,
          "column": 28
        }
      },
      "40": {
        "start": {
          "line": 78,
          "column": 8
        },
        "end": {
          "line": 78,
          "column": 34
        }
      },
      "41": {
        "start": {
          "line": 83,
          "column": 11
        },
        "end": {
          "line": 85,
          "column": 5
        }
      },
      "42": {
        "start": {
          "line": 90,
          "column": 17
        },
        "end": {
          "line": 90,
          "column": 19
        }
      },
      "43": {
        "start": {
          "line": 91,
          "column": 2
        },
        "end": {
          "line": 101,
          "column": 3
        }
      },
      "44": {
        "start": {
          "line": 91,
          "column": 15
        },
        "end": {
          "line": 91,
          "column": 16
        }
      },
      "45": {
        "start": {
          "line": 92,
          "column": 6
        },
        "end": {
          "line": 100,
          "column": 7
        }
      },
      "46": {
        "start": {
          "line": 93,
          "column": 8
        },
        "end": {
          "line": 93,
          "column": 51
        }
      },
      "47": {
        "start": {
          "line": 94,
          "column": 13
        },
        "end": {
          "line": 100,
          "column": 7
        }
      },
      "48": {
        "start": {
          "line": 95,
          "column": 8
        },
        "end": {
          "line": 95,
          "column": 31
        }
      },
      "49": {
        "start": {
          "line": 96,
          "column": 13
        },
        "end": {
          "line": 100,
          "column": 7
        }
      },
      "50": {
        "start": {
          "line": 97,
          "column": 8
        },
        "end": {
          "line": 97,
          "column": 36
        }
      },
      "51": {
        "start": {
          "line": 99,
          "column": 8
        },
        "end": {
          "line": 99,
          "column": 46
        }
      },
      "52": {
        "start": {
[...]
          "column": 27
        }
      },
      "6": {
        "start": {
          "line": 24,
          "column": 4
        },
        "end": {
          "line": 24,
          "column": 25
        }
      },
      "7": {
        "start": {
          "line": 27,
          "column": 18
        },
        "end": {
          "line": 29,
          "column": 3
        }
      },
      "8": {
        "start": {
          "line": 28,
          "column": 4
        },
        "end": {
          "line": 28,
          "column": 26
        }
      },
      "9": {
        "start": {
          "line": 31,
          "column": 2
        },
        "end": {
          "line": 34,
          "column": 8
        }
      },
      "10": {
        "start": {
          "line": 32,
          "column": 18
        },
        "end": {
          "line": 32,
          "column": 40
        }
      },
      "11": {
        "start": {
          "line": 33,
          "column": 4
        },
        "end": {
          "line": 33,
          "column": 40
        }
      },
      "12": {
        "start": {
          "line": 36,
          "column": 2
        },
        "end": {
          "line": 38,
          "column": 22
        }
      },
      "13": {
        "start": {
          "line": 37,
          "column": 4
        },
        "end": {
          "line": 37,
          "column": 33
        }
      },
      "14": {
        "start": {
          "line": 41,
          "column": 2
        },
        "end": {
          "line": 48,
          "column": 3
        }
      }
    },
    "fnMap": {
      "0": {
        "name": "(anonymous_0)",
        "decl": {
          "start": {
            "line": 18,
            "column": 12
          },
          "end": {
            "line": 18,
            "column": 13
          }
        },
        "loc": {
          "start": {
            "line": 18,
            "column": 18
          },
          "end": {
            "line": 49,
            "column": 1
          }
        },
        "line": 18
      },
      "1": {
        "name": "(anonymous_1)",
        "decl": {
          "start": {
            "line": 22,
            "column": 20
          },
          "end": {
            "line": 22,
            "column": 21
          }
        },
        "loc": {
          "start": {
            "line": 22,
            "column": 31
          },
          "end": {
            "line": 25,
            "column": 3
          }
        },
        "line": 22
      },
      "2": {
        "name": "(anonymous_2)",
        "decl": {
          "start": {
            "line": 27,
            "column": 18
          },
          "end": {
            "line": 27,
            "column": 19
          }
        },
        "loc": {
          "start": {
            "line": 27,
            "column": 24
          },
          "end": {
            "line": 29,
            "column": 3
          }
        },
        "line": 27
      },
      "3": {
        "name": "(anonymous_3)",
        "decl": {
          "start": {
            "line": 31,
            "column": 12
          },
          "end": {
            "line": 31,
            "column": 13
          }
        },
        "loc": {
          "start": {
            "line": 31,
            "column": 23
          },
          "end": {
            "line": 34,
            "column": 3
          }
        },
        "line": 31
      },
      "4": {
        "name": "(anonymous_4)",
        "decl": {
          "start": {
            "line": 36,
            "column": 12
          },
          "end": {
            "line": 36,
            "column": 13
          }
        },
        "loc": {
          "start": {
            "line": 36,
            "column": 18
          },
          "end": {
            "line": 38,
            "column": 3
          }
        },
        "line": 36
      }
    },
    "branchMap": {
      "0": {
        "loc": {
          "start": {
            "line": 43,
            "column": 7
          },
          "end": {
            "line": 43,
            "column": 60
          }
        },
        "type": "binary-expr",
        "locations": [
          {
            "start": {
              "line": 43,
              "column": 7
            },
            "end": {
              "line": 43,
              "column": 19
            }
          },
          {
            "start": {
              "line": 43,
              "column": 23
            },
            "end": {
              "line": 43,
              "column": 60
            }
          }
        ],
        "line": 43
      },
      "1": {
        "loc": {
          "start": {
            "line": 44,
            "column": 7
          },
          "end": {
            "line": 44,
            "column": 79
          }
        },
        "type": "binary-expr",
        "locations": [
          {
            "start": {
              "line": 44,
              "column": 7
            },
            "end": {
              "line": 44,
              "column": 18
            }
          },
          {
            "start": {
              "line": 44,
              "column": 22
            },
            "end": {
              "line": 44,
              "column": 79
            }
          }
        ],
        "line": 44
      },
      "2": {
        "loc": {
          "start": {
            "line": 45,
            "column": 7
          },
          "end": {
            "line": 45,
            "column": 56
          }
        },
        "type": "binary-expr",
        "locations": [
          {
            "start": {
              "line": 45,
              "column": 7
            },
            "end": {
              "line": 45,
              "column": 18
            }
          },
          {
            "start": {
              "line": 45,
              "column": 22
            },
            "end": {
              "line": 45,
              "column": 56
            }
          }
        ],
        "line": 45
      },
      "3": {
        "loc": {
          "start": {
            "line": 46,
            "column": 7
          },
          "end": {
            "line": 46,
            "column": 33
          }
        },
        "type": "binary-expr",
        "locations": [
          {
            "start": {
              "line": 46,
              "column": 7
            },
            "end": {
              "line": 46,
              "column": 18
            }
          },
          {
            "start": {
              "line": 46,
              "column": 22
            },
            "end": {
              "line": 46,
              "column": 33
            }
          }
        ],
        "line": 46
      }
    },
    "s": {
      "0": 7,
      "1": 7,
      "2": 21,
      "3": 14,
      "4": 14,
      "5": 7,
      "6": 7,
      "7": 14,
      "8": 0,
      "9": 14,
      "10": 7,
      "11": 7,
      "12": 14,
      "13": 7,
      "14": 14
    },
    "f": {
      "0": 21,
      "1": 7,
      "2": 0,
      "3": 7,
      "4": 7
    },
    "b": {
      "0": [
        14,
        7
      ],
      "1": [
        14,
        7
      ],
      "2": [
        14,
        7
      ],
      "3": [
        14,
        7
      ]
    },
    "_coverageSchema": "1a1c01bbd47fc00a2c39e90264f33305004495a9",
    "hash": "68a5d010ab53f40eca72775f7a5495b51a9d5e93"
  },
  "/Users/loganvincent/turing/mod-4/projects/pew-fe/src/reducers/index.js": {
    "path": "/Users/loganvincent/turing/mod-4/projects/pew-fe/src/reducers/index.js",
    "statementMap": {
      "0": {
        "start": {
          "line": 3,
          "column": 28
        },
        "end": {
          "line": 11,
          "column": 1
        }
      },
      "1": {
        "start": {
          "line": 13,
          "column": 26
        },
        "end": {
          "line": 38,
          "column": 1
        }
      },
      "2": {
        "start": {
          "line": 14,
          "column": 1
        },
        "end": {
          "line": 37,
          "column": 2
        }
      },
      "3": {
        "start": {
          "line": 16,
          "column": 5
        },
        "end": {
          "line": 16,
          "column": 57
        }
      },
      "4": {
        "start": {
          "line": 18,
          "column": 5
        },
        "end": {
          "line": 18,
          "column": 56
        }
      },
      "5": {
        "start": {
          "line": 20,
          "column": 5
        },
        "end": {
          "line": 20,
          "column": 57
        }
      },
      "6": {
        "start": {
          "line": 22,
          "column": 5
        },
        "end": {
          "line": 22,
          "column": 56
        }
      },
      "7": {
        "start": {
          "line": 24,
          "column": 6
        },
        "end": {
          "line": 24,
          "column": 55
        }
      },
      "8": {
        "start": {
          "line": 26,
          "column": 6
        },
        "end": {
          "line": 26,
          "column": 47
        }
      },
      "9": {
        "start": {
          "line": 28,
          "column": 6
        },
        "end": {
          "line": 28,
          "column": 52
        }
      },
      "10": {
        "start": {
          "line": 30,
          "column": 6
        },
        "end": {
          "line": 30,
          "column": 54
        }
      },
      "11": {
        "start": {
          "line": 32,
          "column": 6
        },
        "end": {
          "line": 32,
          "column": 50
        }
      },
      "12": {
        "start": {
          "line": 36,
          "column": 5
        },
        "end": {
          "line": 36,
          "column": 17
        }
      }
    },
    "fnMap": {
      "0": {
        "name": "(anonymous_0)",
        "decl": {
          "start": {
            "line": 13,
            "column": 26
          },
          "end": {
            "line": 13,
            "column": 27
          }
        },
        "loc": {
          "start": {
            "line": 13,
            "column": 60
          },
          "end": {
            "line": 38,
            "column": 1
          }
        },
        "line": 13
      }
    },
    "branchMap": {
      "0": {
        "loc": {
          "start": {
            "line": 13,
            "column": 27
          },
          "end": {
            "line": 13,
            "column": 47
          }
        },
        "type": "default-arg",
        "locations": [
          {
            "start": {
              "line": 13,
              "column": 35
            },
            "end": {
              "line": 13,
              "column": 47
            }
          }
        ],
        "line": 13
      },
      "1": {
        "loc": {
          "start": {
            "line": 14,
            "column": 1
          },
          "end": {
            "line": 37,
            "column": 2
          }
        },
        "type": "switch",
        "locations": [
          {
            "start": {
              "line": 15,
              "column": 3
            },
            "end": {
              "line": 16,
              "column": 57
            }
          },
          {
            "start": {
              "line": 17,
              "column": 3
            },
            "end": {
              "line": 18,
              "column": 56
            }
          },
          {
            "start": {
              "line": 19,
              "column": 3
            },
            "end": {
              "line": 20,
              "column": 57
            }
          },
          {
            "start": {
              "line": 21,
              "column": 3
            },
            "end": {
              "line": 22,
              "column": 56
            }
          },
          {
            "start": {
              "line": 23,
              "column": 4
            },
            "end": {
              "line": 24,
              "column": 55
            }
          },
          {
            "start": {
              "line": 25,
              "column": 4
            },
            "end": {
              "line": 26,
              "column": 47
            }
          },
          {
            "start": {
              "line": 27,
              "column": 4
            },
            "end": {
              "line": 28,
              "column": 52
            }
          },
          {
            "start": {
              "line": 29,
              "column": 4
            },
            "end": {
              "line": 30,
              "column": 54
            }
          },
          {
            "start": {
              "line": 31,
              "column": 4
            },
            "end": {
              "line": 32,
              "column": 50
            }
          },
          {
            "start": {
              "line": 35,
              "column": 3
            },
            "end": {
              "line": 36,
              "column": 17
            }
          }
        ],
        "line": 14
      }
    },
    "s": {
      "0": 7,
      "1": 7,
      "2": 14,
      "3": 0,
      "4": 0,
      "5": 0,
      "6": 0,
      "7": 0,
      "8": 0,
      "9": 7,
      "10": 0,
      "11": 0,
      "12": 7
    },
    "f": {
      "0": 14
    },
    "b": {
      "0": [
        0
      ],
      "1": [
        0,
        0,
        0,
        0,
        0,
        0,
        7,
        0,
        0,
        7
      ]
    },
    "_coverageSchema": "1a1c01bbd47fc00a2c39e90264f33305004495a9",
    "hash": "979268ff71bcb0ad89b89c8e35f3916c8efc22df"
  },
  "/Users/loganvincent/turing/mod-4/projects/pew-fe/src/store/store.js": {
    "path": "/Users/loganvincent/turing/mod-4/projects/pew-fe/src/store/store.js",
    "statementMap": {
      "0": {
        "start": {
          "line": 5,
          "column": 14
        },
        "end": {
          "line": 5,
          "column": 74
        }
      },
      "1": {
        "start": {
          "line": 7,
          "column": 0
        },
        "end": {
          "line": 7,
          "column": 52
        }
      },
      "2": {
        "start": {
          "line": 7,
          "column": 22
        },
        "end": {
          "line": 7,
          "column": 51
        }
      }
    },
    "fnMap": {
      "0": {
        "name": "(anonymous_0)",
        "decl": {
          "start": {
            "line": 7,
            "column": 16
          },
          "end": {
            "line": 7,
            "column": 17
          }
        },
        "loc": {
          "start": {
            "line": 7,
            "column": 22
          },
          "end": {
            "line": 7,
            "column": 51
          }
        },
        "line": 7
      }
    },
    "branchMap": {},
    "s": {
      "0": 7,
      "1": 7,
      "2": 7
    },
    "f": {
      "0": 7
    },
    "b": {},
    "_coverageSchema": "1a1c01bbd47fc00a2c39e90264f33305004495a9",
    "hash": "23f7ab8d71ad44cf1a3be79c0df06add663dab35"
  },
  "/Users/loganvincent/turing/mod-4/projects/pew-fe/src/reportWebVitals.js": {
    "path": "/Users/loganvincent/turing/mod-4/projects/pew-fe/src/reportWebVitals.js",
    "statementMap": {
      "0": {
        "start": {
          "line": 1,
          "column": 24
        },
        "end": {
          "line": 11,
          "column": 1
        }
      },
      "1": {
        "start": {
          "line": 2,
          "column": 2
        },
        "end": {
          "line": 10,
          "column": 3
        }
      },
      "2": {
        "start": {
          "line": 3,
          "column": 4
        },
        "end": {
          "line": 9,
          "column": 7
        }
      },
      "3": {
        "start": {
          "line": 4,
          "column": 6
        },
        "end": {
          "line": 4,
          "column": 26
        }
      },
      "4": {
        "start": {
          "line": 5,
          "column": 6
        },
        "end": {
          "line": 5,
          "column": 26
        }
      },
      "5": {
        "start": {
          "line": 6,
          "column": 6
        },
        "end": {
          "line": 6,
          "column": 26
        }
      },
      "6": {
        "start": {
          "line": 7,
          "column": 6
        },
        "end": {
          "line": 7,
          "column": 26
        }
      },
      "7": {
        "start": {
          "line": 8,
          "column": 6
        },
        "end": {
          "line": 8,
          "column": 27
        }
      }
    },
    "fnMap": {
      "0": {
        "name": "(anonymous_0)",
        "decl": {
          "start": {
            "line": 1,
            "column": 24
          },
          "end": {
            "line": 1,
            "column": 25
          }
        },
        "loc": {
          "start": {
            "line": 1,
            "column": 39
          },
          "end": {
            "line": 11,
            "column": 1
          }
        },
        "line": 1
      },
      "1": {
        "name": "(anonymous_1)",
        "decl": {
          "start": {
            "line": 3,
            "column": 30
          },
          "end": {
            "line": 3,
            "column": 31
          }
        },
        "loc": {
          "start": {
            "line": 3,
            "column": 79
          },
          "end": {
            "line": 9,
            "column": 5
          }
        },
        "line": 3
      }
    },
    "branchMap": {
      "0": {
        "loc": {
          "start": {
            "line": 2,
            "column": 2
          },
          "end": {
            "line": 10,
            "column": 3
          }
        },
        "type": "if",
        "locations": [
          {
            "start": {
              "line": 2,
              "column": 2
            },
            "end": {
              "line": 10,
              "column": 3
            }
          },
          {
            "start": {
              "line": 2,
              "column": 2
            },
            "end": {
              "line": 10,
              "column": 3
            }
          }
        ],
        "line": 2
      },
      "1": {
        "loc": {
          "start": {
            "line": 2,
            "column": 6
          },
          "end": {
            "line": 2,
            "column": 52
          }
        },
        "type": "binary-expr",
        "locations": [
          {
            "start": {
              "line": 2,
              "column": 6
            },
            "end": {
              "line": 2,
              "column": 17
            }
          },
          {
            "start": {
              "line": 2,
              "column": 21
            },
            "end": {
              "line": 2,
              "column": 52
            }
          }
        ],
        "line": 2
      }
    },
    "s": {
      "0": 7,
      "1": 7,
      "2": 0,
      "3": 0,
      "4": 0,
      "5": 0,
      "6": 0,
      "7": 0
    },
    "f": {
      "0": 7,
      "1": 0
    },
    "b": {
      "0": [
        0,
        7
      ],
      "1": [
        7,
        0
      ]
    },
    "_coverageSchema": "1a1c01bbd47fc00a2c39e90264f33305004495a9",
    "hash": "27f6e91708e02b558096c87edd5d37327f178e15"
  },
  "/Users/loganvincent/turing/mod-4/projects/pew-fe/src/index.js": {
    "path": "/Users/loganvincent/turing/mod-4/projects/pew-fe/src/index.js",
    "statementMap": {
      "0": {
        "start": {
          "line": 8,
          "column": 0
        },
        "end": {
          "line": 13,
          "column": 2
        }
      },
      "1": {
        "start": {
          "line": 18,
          "column": 0
        },
        "end": {
          "line": 18,
          "column": 18
        }
      }
    },
    "fnMap": {},
    "branchMap": {},
    "s": {
      "0": 7,
      "1": 7
    },
    "f": {},
    "b": {},
    "_coverageSchema": "1a1c01bbd47fc00a2c39e90264f33305004495a9",
    "hash": "c075c542cb5fbf632dbc0c707402dbeecadaf721"
  }
}